-------------------------------------------------------------------------------
Test set: demo.cdplayer.CdPlayerTests
-------------------------------------------------------------------------------
Tests run: 9, Failures: 0, Errors: 9, Skipped: 0, Time elapsed: 0.044 s <<< FAILURE! - in demo.cdplayer.CdPlayerTests
testPlayLcdTimeChanges  Time elapsed: 0.034 s  <<< ERROR!
java.lang.NoClassDefFoundError: org/springframework/core/metrics/ApplicationStartup
	at demo.cdplayer.CdPlayerTests.setup(CdPlayerTests.java:269)
Caused by: java.lang.ClassNotFoundException: org.springframework.core.metrics.ApplicationStartup
	at demo.cdplayer.CdPlayerTests.setup(CdPlayerTests.java:269)

testPlayStop  Time elapsed: 0.001 s  <<< ERROR!
java.lang.NoClassDefFoundError: org/springframework/core/metrics/ApplicationStartup
	at demo.cdplayer.CdPlayerTests.setup(CdPlayerTests.java:269)

testPlayWithCdLoaded  Time elapsed: 0.001 s  <<< ERROR!
java.lang.NoClassDefFoundError: org/springframework/core/metrics/ApplicationStartup
	at demo.cdplayer.CdPlayerTests.setup(CdPlayerTests.java:269)

testPlayPause  Time elapsed: 0.001 s  <<< ERROR!
java.lang.NoClassDefFoundError: org/springframework/core/metrics/ApplicationStartup
	at demo.cdplayer.CdPlayerTests.setup(CdPlayerTests.java:269)

testPlayDeckOpenNoCd  Time elapsed: 0.001 s  <<< ERROR!
java.lang.NoClassDefFoundError: org/springframework/core/metrics/ApplicationStartup
	at demo.cdplayer.CdPlayerTests.setup(CdPlayerTests.java:269)

testEjectTwice  Time elapsed: 0 s  <<< ERROR!
java.lang.NoClassDefFoundError: org/springframework/core/metrics/ApplicationStartup
	at demo.cdplayer.CdPlayerTests.setup(CdPlayerTests.java:269)

testInitialState  Time elapsed: 0 s  <<< ERROR!
java.lang.NoClassDefFoundError: org/springframework/core/metrics/ApplicationStartup
	at demo.cdplayer.CdPlayerTests.setup(CdPlayerTests.java:269)

testPlayWithNoCdLoaded  Time elapsed: 0.001 s  <<< ERROR!
java.lang.NoClassDefFoundError: org/springframework/core/metrics/ApplicationStartup
	at demo.cdplayer.CdPlayerTests.setup(CdPlayerTests.java:269)

testPlayWithCdLoadedDeckOpen  Time elapsed: 0.001 s  <<< ERROR!
java.lang.NoClassDefFoundError: org/springframework/core/metrics/ApplicationStartup
	at demo.cdplayer.CdPlayerTests.setup(CdPlayerTests.java:269)

